[debug] [2021-08-12T21:08:04.812Z] ----------------------------------------------------------------------
[debug] [2021-08-12T21:08:04.814Z] Command:       C:\Program Files\nodejs\node.exe C:\Users\acer\AppData\Roaming\npm\node_modules\firebase-tools\lib\bin\firebase.js init
[debug] [2021-08-12T21:08:04.814Z] CLI Version:   9.16.3
[debug] [2021-08-12T21:08:04.814Z] Platform:      win32
[debug] [2021-08-12T21:08:04.814Z] Node Version:  v14.17.5
[debug] [2021-08-12T21:08:04.815Z] Time:          Fri Aug 13 2021 02:38:04 GMT+0530 (India Standard Time)
[debug] [2021-08-12T21:08:04.815Z] ----------------------------------------------------------------------
[debug] 
[debug] [2021-08-12T21:08:04.821Z] > command requires scopes: ["email","openid","https://www.googleapis.com/auth/cloudplatformprojects.readonly","https://www.googleapis.com/auth/firebase","https://www.googleapis.com/auth/cloud-platform"]
[debug] [2021-08-12T21:08:04.821Z] > authorizing via signed-in user (iamamlan2002@gmail.com)
[info] 
     ######## #### ########  ######## ########     ###     ######  ########
     ##        ##  ##     ## ##       ##     ##  ##   ##  ##       ##
     ######    ##  ########  ######   ########  #########  ######  ######
     ##        ##  ##    ##  ##       ##     ## ##     ##       ## ##
     ##       #### ##     ## ######## ########  ##     ##  ######  ########

You're about to initialize a Firebase project in this directory:

  E:\web projects\AB-Incode

[info] 
=== Project Setup
[info] 
[info] First, let's associate this project directory with a Firebase project.
[info] You can create multiple project aliases by running firebase use --add, 
[info] but for now we'll just set up a default project.
[info] 
[debug] [2021-08-12T21:08:26.137Z] >>> [apiv2][query] GET https://firebase.googleapis.com/v1beta1/projects pageSize=100
[debug] [2021-08-12T21:08:26.982Z] <<< [apiv2][status] GET https://firebase.googleapis.com/v1beta1/projects 200
[debug] [2021-08-12T21:08:26.982Z] <<< [apiv2][body] GET https://firebase.googleapis.com/v1beta1/projects [omitted]
[info] i  Using project ab-incode (AB-Incode) 
[info] 
=== Hosting Setup
[info] 
[info] Your public directory is the folder (relative to your project directory) that
[info] will contain Hosting assets to be uploaded with firebase deploy. If you
[info] have a build process for your assets, use your build's output directory.
[info] 
[info] i  Skipping write of public/404.html 
[debug] [2021-08-12T21:08:41.140Z] >>> [apiv2][query] GET https://www.gstatic.com/firebasejs/releases.json [none]
[debug] [2021-08-12T21:08:41.585Z] <<< [apiv2][status] GET https://www.gstatic.com/firebasejs/releases.json 200
[debug] [2021-08-12T21:08:41.586Z] <<< [apiv2][body] GET https://www.gstatic.com/firebasejs/releases.json {"current":{"version":"8.9.1","browserURL":"https://www.gstatic.com/firebasejs/8.9.1/firebase.js","packageURL":"https://www.gstatic.com/firebasejs/8.9.1/firebase.tgz"},"live":{"version":"8.9","browserURL":"https://www.gstatic.com/firebasejs/live/8.9/firebase.js","packageURL":"https://www.gstatic.com/firebasejs/live/8.9/firebase.tgz"},"components":{"analytics":"https://www.gstatic.com/firebasejs/8.9.1/firebase-analytics.js","app":"https://www.gstatic.com/firebasejs/8.9.1/firebase-app.js","app-check":"https://www.gstatic.com/firebasejs/8.9.1/firebase-app-check.js","auth":"https://www.gstatic.com/firebasejs/8.9.1/firebase-auth.js","database":"https://www.gstatic.com/firebasejs/8.9.1/firebase-database.js","firestore":"https://www.gstatic.com/firebasejs/8.9.1/firebase-firestore.js","functions":"https://www.gstatic.com/firebasejs/8.9.1/firebase-functions.js","installations":"https://www.gstatic.com/firebasejs/8.9.1/firebase-installations.js","messaging":"https://www.gstatic.com/firebasejs/8.9.1/firebase-messaging.js","storage":"https://www.gstatic.com/firebasejs/8.9.1/firebase-storage.js","performance":"https://www.gstatic.com/firebasejs/8.9.1/firebase-performance.js","remote-config":"https://www.gstatic.com/firebasejs/8.9.1/firebase-remote-config.js","firestore.memory":"https://www.gstatic.com/firebasejs/8.9.1/firebase-firestore.memory.js"}}
[info] i  Skipping write of public/index.html 
[info] 
=== Hosting:github Setup
[info] 
[info] i  Didn't detect a .git folder. Assuming E:\web projects\AB-Incode is the project root. 
[info] i  Authorizing with GitHub to upload your service account to a GitHub repository's secrets store. 
[info] 
[info] Visit this URL on this device to log in:
[info] https://github.com/login/oauth/authorize?client_id=89cf50f02ac6aaed3484&state=295386602&redirect_uri=http%3A%2F%2Flocalhost%3A9005&scope=read%3Auser%20repo%20public_repo
[info] 
[info] Waiting for authentication...
[debug] [2021-08-12T21:08:46.753Z] >>> HTTP REQUEST POST https://github.com/login/oauth/access_token  
 {"client_id":"89cf50f02ac6aaed3484","client_secret":"3330d14abc895d9a74d5f17cd7a00711fa2c5bf0","code":"d0814da0228311addc7f","redirect_uri":"http://localhost:9005","state":"295386602"}
[debug] [2021-08-12T21:08:47.278Z] <<< HTTP RESPONSE 200 {"server":"GitHub.com","date":"Thu, 12 Aug 2021 21:08:47 GMT","content-type":"application/json; charset=utf-8","transfer-encoding":"chunked","vary":"X-PJAX, Accept-Encoding, Accept, X-Requested-With","permissions-policy":"interest-cohort=()","etag":"W/\"e2e8199c7201e1be05b6d565a3e12e69\"","cache-control":"max-age=0, private, must-revalidate","strict-transport-security":"max-age=31536000; includeSubdomains; preload","x-frame-options":"deny","x-content-type-options":"nosniff","x-xss-protection":"0","referrer-policy":"origin-when-cross-origin, strict-origin-when-cross-origin","expect-ct":"max-age=2592000, report-uri=\"https://api.github.com/_private/browser/errors\"","content-security-policy":"default-src 'none'; base-uri 'self'; block-all-mixed-content; connect-src 'self' uploads.github.com www.githubstatus.com collector.githubapp.com api.github.com github-cloud.s3.amazonaws.com github-production-repository-file-5c1aeb.s3.amazonaws.com github-production-upload-manifest-file-7fdce7.s3.amazonaws.com github-production-user-asset-6210df.s3.amazonaws.com cdn.optimizely.com logx.optimizely.com/v1/events translator.github.com wss://alive.github.com; font-src github.githubassets.com; form-action 'self' github.com gist.github.com; frame-ancestors 'none'; frame-src render.githubusercontent.com render-temp.githubusercontent.com viewscreen.githubusercontent.com; img-src 'self' data: github.githubassets.com identicons.github.com collector.githubapp.com github-cloud.s3.amazonaws.com secured-user-images.githubusercontent.com/ *.githubusercontent.com; manifest-src 'self'; media-src 'none'; script-src github.githubassets.com; style-src 'unsafe-inline' github.githubassets.com; worker-src github.com/socket-worker-3f088aa2.js gist.github.com/socket-worker-3f088aa2.js","x-github-request-id":"AB1D:1EB8:07C8:3CD5:61158DDE"}
[debug] [2021-08-12T21:08:47.289Z] >>> [apiv2][query] GET https://api.github.com/user [none]
[debug] [2021-08-12T21:08:47.894Z] <<< [apiv2][status] GET https://api.github.com/user 200
[debug] [2021-08-12T21:08:47.895Z] <<< [apiv2][body] GET https://api.github.com/user {"login":"Amlan2002","id":73067444,"node_id":"MDQ6VXNlcjczMDY3NDQ0","avatar_url":"https://avatars.githubusercontent.com/u/73067444?v=4","gravatar_id":"","url":"https://api.github.com/users/Amlan2002","html_url":"https://github.com/Amlan2002","followers_url":"https://api.github.com/users/Amlan2002/followers","following_url":"https://api.github.com/users/Amlan2002/following{/other_user}","gists_url":"https://api.github.com/users/Amlan2002/gists{/gist_id}","starred_url":"https://api.github.com/users/Amlan2002/starred{/owner}{/repo}","subscriptions_url":"https://api.github.com/users/Amlan2002/subscriptions","organizations_url":"https://api.github.com/users/Amlan2002/orgs","repos_url":"https://api.github.com/users/Amlan2002/repos","events_url":"https://api.github.com/users/Amlan2002/events{/privacy}","received_events_url":"https://api.github.com/users/Amlan2002/received_events","type":"User","site_admin":false,"name":null,"company":null,"blog":"","location":null,"email":null,"hireable":null,"bio":null,"twitter_username":null,"public_repos":6,"public_gists":0,"followers":0,"following":0,"created_at":"2020-10-18T14:05:35Z","updated_at":"2021-08-12T21:06:26Z","private_gists":0,"total_private_repos":3,"owned_private_repos":3,"disk_usage":6696,"collaborators":1,"two_factor_authentication":false,"plan":{"name":"pro","space":976562499,"collaborators":0,"private_repos":9999}}
[info] 
[info] +  Success! Logged into GitHub as Amlan2002 
[info] 
